<?xml version="1.0" encoding="UTF-8"?>
<coverage generated="1702472012761" clover="3.2.0">
  <project timestamp="1702472012762" name="All files">
    <metrics statements="18" coveredstatements="18" conditionals="13" coveredconditionals="13" methods="5" coveredmethods="5" elements="36" coveredelements="36" complexity="0" loc="18" ncloc="18" packages="1" files="1" classes="1"/>
    <file name="app.js" path="C:\Users\sebde\Documents\2e_annee_informatique\Q1\DevOps\devops-mini-proj-tdd-greetings\src\app.js">
      <metrics statements="18" coveredstatements="18" conditionals="13" coveredconditionals="13" methods="5" coveredmethods="5"/>
      <line num="3" count="9" type="cond" truecount="2" falsecount="0"/>
      <line num="4" count="3" type="stmt"/>
      <line num="7" count="6" type="cond" truecount="4" falsecount="0"/>
      <line num="8" count="1" type="stmt"/>
      <line num="11" count="5" type="cond" truecount="2" falsecount="0"/>
      <line num="12" count="1" type="stmt"/>
      <line num="15" count="4" type="cond" truecount="2" falsecount="0"/>
      <line num="16" count="2" type="stmt"/>
      <line num="18" count="2" type="stmt"/>
      <line num="22" count="9" type="cond" truecount="3" falsecount="0"/>
      <line num="26" count="4" type="stmt"/>
      <line num="30" count="11" type="stmt"/>
      <line num="34" count="1" type="stmt"/>
      <line num="36" count="1" type="stmt"/>
      <line num="37" count="2" type="stmt"/>
      <line num="39" count="1" type="stmt"/>
      <line num="40" count="1" type="stmt"/>
      <line num="43" count="1" type="stmt"/>
    </file>
  </project>
</coverage>
