<?xml version="1.0" encoding="UTF-8"?>
<coverage generated="1702473456525" clover="3.2.0">
  <project timestamp="1702473456525" name="All files">
    <metrics statements="23" coveredstatements="21" conditionals="17" coveredconditionals="15" methods="5" coveredmethods="5" elements="45" coveredelements="41" complexity="0" loc="23" ncloc="23" packages="1" files="1" classes="1"/>
    <file name="app.js" path="C:\Users\masci\Documents\Vinci\Deuxieme_Anne\DevOps\devops-mini-proj-tdd-greetings\src\app.js">
      <metrics statements="23" coveredstatements="21" conditionals="17" coveredconditionals="15" methods="5" coveredmethods="5"/>
      <line num="4" count="9" type="cond" truecount="2" falsecount="0"/>
      <line num="5" count="3" type="stmt"/>
      <line num="8" count="6" type="cond" truecount="4" falsecount="0"/>
      <line num="9" count="1" type="stmt"/>
      <line num="12" count="5" type="cond" truecount="2" falsecount="0"/>
      <line num="13" count="1" type="stmt"/>
      <line num="16" count="4" type="cond" truecount="2" falsecount="0"/>
      <line num="17" count="2" type="stmt"/>
      <line num="19" count="2" type="stmt"/>
      <line num="23" count="9" type="cond" truecount="3" falsecount="0"/>
      <line num="27" count="6" type="stmt"/>
      <line num="31" count="11" type="stmt"/>
      <line num="35" count="1" type="stmt"/>
      <line num="36" count="1" type="stmt"/>
      <line num="38" count="1" type="stmt"/>
      <line num="40" count="2" type="cond" truecount="1" falsecount="1"/>
      <line num="41" count="0" type="stmt"/>
      <line num="45" count="2" type="stmt"/>
      <line num="49" count="1" type="stmt"/>
      <line num="51" count="1" type="cond" truecount="1" falsecount="1"/>
      <line num="52" count="0" type="stmt"/>
      <line num="57" count="1" type="stmt"/>
      <line num="61" count="1" type="stmt"/>
    </file>
  </project>
</coverage>
