{"C:\\Users\\sebde\\Documents\\2e_annee_informatique\\Q1\\DevOps\\devops-mini-proj-tdd-greetings\\src\\app.js": {"path":"C:\\Users\\sebde\\Documents\\2e_annee_informatique\\Q1\\DevOps\\devops-mini-proj-tdd-greetings\\src\\app.js","statementMap":{"0":{"start":{"line":3,"column":8},"end":{"line":5,"column":9}},"1":{"start":{"line":4,"column":12},"end":{"line":4,"column":39}},"2":{"start":{"line":7,"column":8},"end":{"line":9,"column":9}},"3":{"start":{"line":8,"column":12},"end":{"line":8,"column":38}},"4":{"start":{"line":11,"column":8},"end":{"line":13,"column":9}},"5":{"start":{"line":12,"column":12},"end":{"line":12,"column":65}},"6":{"start":{"line":15,"column":8},"end":{"line":17,"column":9}},"7":{"start":{"line":16,"column":12},"end":{"line":16,"column":42}},"8":{"start":{"line":18,"column":8},"end":{"line":18,"column":38}},"9":{"start":{"line":22,"column":8},"end":{"line":22,"column":66}},"10":{"start":{"line":26,"column":8},"end":{"line":26,"column":43}},"11":{"start":{"line":30,"column":8},"end":{"line":30,"column":41}},"12":{"start":{"line":34,"column":18},"end":{"line":34,"column":25}},"13":{"start":{"line":36,"column":8},"end":{"line":38,"column":9}},"14":{"start":{"line":36,"column":21},"end":{"line":36,"column":22}},"15":{"start":{"line":37,"column":12},"end":{"line":37,"column":34}},"16":{"start":{"line":39,"column":8},"end":{"line":39,"column":51}},"17":{"start":{"line":40,"column":8},"end":{"line":40,"column":18}},"18":{"start":{"line":43,"column":4},"end":{"line":43,"column":31}}},"fnMap":{"0":{"name":"greet","decl":{"start":{"line":2,"column":13},"end":{"line":2,"column":18}},"loc":{"start":{"line":2,"column":25},"end":{"line":19,"column":5}},"line":2},"1":{"name":"isInvalidString","decl":{"start":{"line":21,"column":13},"end":{"line":21,"column":28}},"loc":{"start":{"line":21,"column":34},"end":{"line":23,"column":5}},"line":21},"2":{"name":"isUpperCase","decl":{"start":{"line":25,"column":13},"end":{"line":25,"column":24}},"loc":{"start":{"line":25,"column":30},"end":{"line":27,"column":5}},"line":25},"3":{"name":"isAList","decl":{"start":{"line":29,"column":13},"end":{"line":29,"column":20}},"loc":{"start":{"line":29,"column":26},"end":{"line":31,"column":5}},"line":29},"4":{"name":"listToString","decl":{"start":{"line":33,"column":13},"end":{"line":33,"column":25}},"loc":{"start":{"line":33,"column":31},"end":{"line":41,"column":5}},"line":33}},"branchMap":{"0":{"loc":{"start":{"line":3,"column":8},"end":{"line":5,"column":9}},"type":"if","locations":[{"start":{"line":3,"column":8},"end":{"line":5,"column":9}},{"start":{},"end":{}}],"line":3},"1":{"loc":{"start":{"line":7,"column":8},"end":{"line":9,"column":9}},"type":"if","locations":[{"start":{"line":7,"column":8},"end":{"line":9,"column":9}},{"start":{},"end":{}}],"line":7},"2":{"loc":{"start":{"line":7,"column":11},"end":{"line":7,"column":43}},"type":"binary-expr","locations":[{"start":{"line":7,"column":11},"end":{"line":7,"column":24}},{"start":{"line":7,"column":28},"end":{"line":7,"column":43}}],"line":7},"3":{"loc":{"start":{"line":11,"column":8},"end":{"line":13,"column":9}},"type":"if","locations":[{"start":{"line":11,"column":8},"end":{"line":13,"column":9}},{"start":{},"end":{}}],"line":11},"4":{"loc":{"start":{"line":15,"column":8},"end":{"line":17,"column":9}},"type":"if","locations":[{"start":{"line":15,"column":8},"end":{"line":17,"column":9}},{"start":{},"end":{}}],"line":15},"5":{"loc":{"start":{"line":22,"column":15},"end":{"line":22,"column":65}},"type":"binary-expr","locations":[{"start":{"line":22,"column":15},"end":{"line":22,"column":28}},{"start":{"line":22,"column":32},"end":{"line":22,"column":50}},{"start":{"line":22,"column":54},"end":{"line":22,"column":65}}],"line":22}},"s":{"0":9,"1":3,"2":6,"3":1,"4":5,"5":1,"6":4,"7":2,"8":2,"9":9,"10":4,"11":11,"12":1,"13":1,"14":1,"15":2,"16":1,"17":1,"18":1},"f":{"0":9,"1":9,"2":4,"3":11,"4":1},"b":{"0":[3,6],"1":[1,5],"2":[6,2],"3":[1,4],"4":[2,2],"5":[9,8,7]},"_coverageSchema":"1a1c01bbd47fc00a2c39e90264f33305004495a9","hash":"bd32dfd76ec1917b85cb78d818c5d163e0e40922"}
}
