TN:
SF:src\app.js
FN:1,greet
FN:20,isInvalidString
FN:24,isUpperCase
FN:28,isAList
FN:32,listToString
FNF:5
FNH:5
FNDA:9,greet
FNDA:9,isInvalidString
FNDA:6,isUpperCase
FNDA:11,isAList
FNDA:1,listToString
DA:2,9
DA:3,3
DA:6,6
DA:7,1
DA:10,5
DA:11,1
DA:14,4
DA:15,2
DA:17,2
DA:21,9
DA:25,6
DA:29,11
DA:33,1
DA:36,1
DA:37,2
DA:38,0
DA:40,2
DA:44,1
DA:46,1
DA:47,0
DA:50,1
DA:53,1
LF:22
LH:20
BRDA:2,0,0,3
BRDA:2,0,1,6
BRDA:6,1,0,1
BRDA:6,1,1,5
BRDA:6,2,0,6
BRDA:6,2,1,2
BRDA:10,3,0,1
BRDA:10,3,1,4
BRDA:14,4,0,2
BRDA:14,4,1,2
BRDA:21,5,0,9
BRDA:21,5,1,8
BRDA:21,5,2,7
BRDA:37,6,0,0
BRDA:37,6,1,2
BRDA:46,7,0,0
BRDA:46,7,1,1
BRF:17
BRH:15
end_of_record
