TN:
SF:src\app.js
FN:2,greet
FN:21,isInvalidString
FN:25,isUpperCase
FN:29,isAList
FN:33,listToString
FNF:5
FNH:5
FNDA:9,greet
FNDA:9,isInvalidString
FNDA:4,isUpperCase
FNDA:11,isAList
FNDA:1,listToString
DA:3,9
DA:4,3
DA:7,6
DA:8,1
DA:11,5
DA:12,1
DA:15,4
DA:16,2
DA:18,2
DA:22,9
DA:26,4
DA:30,11
DA:34,1
DA:36,1
DA:37,2
DA:39,1
DA:40,1
DA:43,1
LF:18
LH:18
BRDA:3,0,0,3
BRDA:3,0,1,6
BRDA:7,1,0,1
BRDA:7,1,1,5
BRDA:7,2,0,6
BRDA:7,2,1,2
BRDA:11,3,0,1
BRDA:11,3,1,4
BRDA:15,4,0,2
BRDA:15,4,1,2
BRDA:22,5,0,9
BRDA:22,5,1,8
BRDA:22,5,2,7
BRF:13
BRH:13
end_of_record
